<<<================= 04/19/2012 17:47:26 - Plimus Order #-99 ==================>>>
transactionType: CHARGE
testMode: Y
referenceNumber: -99
originalReferenceNumber: 
paymentMethod: CC
creditCardType: 
transactionDate: 04/19/2012 10:49 AM
untilDate: 04/19/2012 10:49 AM
productId: 866582
productName: Premium account activation
contractId: 2291993
contractName: Activation for 1 year
contractOwner: 555519
contractPrice: 10.00
quantity: 1
currency: USD
addCD: N
coupon: 
couponValue: 
referrer: 
promoteContractsNum: 0
accountId: 1
title: Mr
firstName: David
lastName: Fleming
company: 
address1: 491 West Coast Road
address2: 
city: Auckland
state: 
country: NZ
zipCode: 6020
email: nosuchemail@plimus.com
workPhone: 18583507473
extension: 
mobilePhone: 
homePhone: 
faxNumber: 18587775553
licenseKey: 

shippingFirstName: David
shippingLastName: Fleming
shippingAddress1: 491 West Coast Road
shippingAddress2: 
shippingCity: Auckland
shippingState: 
shippingCountry: NZ
shippingZipCode: 6020
remoteAddress: 46.28.101.93
shippingMethod: 
couponCode: 
invoiceAmount: 10.00
invoiceInfoURL: https://shoppers.plimus.com/jsp/order_locator_info.jsp?refId=943172107141A13B&acd=99339F83BB5A4524 
<<<================= End Of Plimus Order #-99 ==================>>> 
<<<================= 04/19/2012 17:50:52 - Plimus Order #-99 ==================>>>
transactionType: CHARGE
testMode: Y
referenceNumber: -99
originalReferenceNumber: 
paymentMethod: CC
creditCardType: 
transactionDate: 04/19/2012 10:55 AM
untilDate: 04/19/2012 10:55 AM
productId: 866582
productName: Premium account activation
contractId: 2291993
contractName: Activation for 1 year
contractOwner: 555519
contractPrice: 10.00
quantity: 1
currency: USD
addCD: N
coupon: 
couponValue: 
referrer: 
promoteContractsNum: 0
accountId: 1
title: Mr
firstName: David
lastName: Fleming
company: 
address1: 491 West Coast Road
address2: 
city: Auckland
state: 
country: NZ
zipCode: 6020
email: nosuchemail@plimus.com
workPhone: 18583507473
extension: 
mobilePhone: 
homePhone: 
faxNumber: 18587775553
licenseKey: 

shippingFirstName: David
shippingLastName: Fleming
shippingAddress1: 491 West Coast Road
shippingAddress2: 
shippingCity: Auckland
shippingState: 
shippingCountry: NZ
shippingZipCode: 6020
remoteAddress: 46.28.101.93
shippingMethod: 
couponCode: 
invoiceAmount: 10.00
invoiceInfoURL: https://shoppers.plimus.com/jsp/order_locator_info.jsp?refId=943172107141A13B&acd=99339F83BB5A4524 
<<<================= End Of Plimus Order #-99 ==================>>> 
<<<================= 04/19/2012 18:37:28 - Plimus Order # ==================>>>
transactionType: 
testMode: 
referenceNumber: 
originalReferenceNumber: 
paymentMethod: 
creditCardType: 
transactionDate: 
untilDate: 
productId: 
productName: 
contractId: 
contractName: 
contractOwner: 
contractPrice: 
quantity: 
currency: 
addCD: 
coupon: 
couponValue: 
referrer: 
promoteContractsNum: 
accountId: 
title: 
firstName: 
lastName: 
company: 
address1: 
address2: 
city: 
state: 
country: 
zipCode: 
email: 
workPhone: 
extension: 
mobilePhone: 
homePhone: 
faxNumber: 
licenseKey: 
shippingFirstName: 
shippingLastName: 
shippingAddress1: 
shippingAddress2: 
shippingCity: 
shippingState: 
shippingCountry: 
shippingZipCode: 
remoteAddress: 
shippingMethod: 
couponCode: 
invoiceAmount: 
invoiceInfoURL:  
<<<================= End Of Plimus Order # ==================>>> 
<<<================= 04/19/2012 18:40:03 - Plimus Order #-99 ==================>>>
transactionType: CHARGE
testMode: Y
referenceNumber: -99
originalReferenceNumber: 
paymentMethod: CC
creditCardType: 
transactionDate: 04/19/2012 11:44 AM
untilDate: 04/19/2012 11:44 AM
productId: 866582
productName: Premium account activation
contractId: 2291993
contractName: Activation for 1 year
contractOwner: 555519
contractPrice: 10.00
quantity: 1
currency: USD
addCD: N
coupon: 
couponValue: 
referrer: 
promoteContractsNum: 0
accountId: 1
title: Mr
firstName: David
lastName: Fleming
company: 
address1: 491 West Coast Road
address2: 
city: Auckland
state: 
country: NZ
zipCode: 6020
email: nosuchemail@plimus.com
workPhone: 18583507473
extension: 
mobilePhone: 
homePhone: 
faxNumber: 18587775553
licenseKey: 

shippingFirstName: David
shippingLastName: Fleming
shippingAddress1: 491 West Coast Road
shippingAddress2: 
shippingCity: Auckland
shippingState: 
shippingCountry: NZ
shippingZipCode: 6020
remoteAddress: 193.151.43.76
shippingMethod: 
couponCode: 
invoiceAmount: 
invoiceInfoURL: https://shoppers.plimus.com/jsp/order_locator_info.jsp?refId=943172107141A13B&acd=99339F83BB5A4524 
<<<================= End Of Plimus Order #-99 ==================>>> 
<<<================= 04/19/2012 18:42:15 - Plimus Order # ==================>>>
transactionType: 
testMode: 
referenceNumber: 
originalReferenceNumber: 
paymentMethod: 
creditCardType: 
transactionDate: 
untilDate: 
productId: 
productName: 
contractId: 
contractName: 
contractOwner: 
contractPrice: 
quantity: 
currency: 
addCD: 
coupon: 
couponValue: 
referrer: 
promoteContractsNum: 
accountId: 
title: 
firstName: 
lastName: 
company: 
address1: 
address2: 
city: 
state: 
country: 
zipCode: 
email: 
workPhone: 
extension: 
mobilePhone: 
homePhone: 
faxNumber: 
licenseKey: 
shippingFirstName: 
shippingLastName: 
shippingAddress1: 
shippingAddress2: 
shippingCity: 
shippingState: 
shippingCountry: 
shippingZipCode: 
remoteAddress: 
shippingMethod: 
couponCode: 
invoiceAmount: 
invoiceInfoURL:  
<<<================= End Of Plimus Order # ==================>>> 
<<<================= 04/19/2012 18:47:48 - Plimus Order #-99 ==================>>>
transactionType: CHARGE
testMode: Y
referenceNumber: -99
originalReferenceNumber: 
paymentMethod: CC
creditCardType: 
transactionDate: 04/19/2012 11:52 AM
untilDate: 04/19/2012 11:52 AM
productId: 866582
productName: Premium account activation
contractId: 2291993
contractName: Activation for 1 year
contractOwner: 555519
contractPrice: 10.00
quantity: 1
currency: USD
addCD: N
coupon: 
couponValue: 
referrer: 
promoteContractsNum: 0
accountId: 1
title: Mr
firstName: David
lastName: Fleming
company: 
address1: 491 West Coast Road
address2: 
city: Auckland
state: 
country: NZ
zipCode: 6020
email: nosuchemail@plimus.com
workPhone: 18583507473
extension: 
mobilePhone: 
homePhone: 
faxNumber: 18587775553
licenseKey: 

shippingFirstName: David
shippingLastName: Fleming
shippingAddress1: 491 West Coast Road
shippingAddress2: 
shippingCity: Auckland
shippingState: 
shippingCountry: NZ
shippingZipCode: 6020
remoteAddress: 193.151.43.76
shippingMethod: 
couponCode: 
invoiceAmount: 
invoiceInfoURL: https://shoppers.plimus.com/jsp/order_locator_info.jsp?refId=943172107141A13B&acd=99339F83BB5A4524 
<<<================= End Of Plimus Order #-99 ==================>>> 
<<<================= 04/19/2012 18:49:10 - Plimus Order # ==================>>>
transactionType: 
testMode: 
referenceNumber: 
originalReferenceNumber: 
paymentMethod: 
creditCardType: 
transactionDate: 
untilDate: 
productId: 
productName: 
contractId: 
contractName: 
contractOwner: 
contractPrice: 
quantity: 
currency: 
addCD: 
coupon: 
couponValue: 
referrer: 
promoteContractsNum: 
accountId: 
title: 
firstName: 
lastName: 
company: 
address1: 
address2: 
city: 
state: 
country: 
zipCode: 
email: 
workPhone: 
extension: 
mobilePhone: 
homePhone: 
faxNumber: 
licenseKey: 
shippingFirstName: 
shippingLastName: 
shippingAddress1: 
shippingAddress2: 
shippingCity: 
shippingState: 
shippingCountry: 
shippingZipCode: 
remoteAddress: 
shippingMethod: 
couponCode: 
invoiceAmount: 
invoiceInfoURL:  
<<<================= End Of Plimus Order # ==================>>> 
<<<================= 04/19/2012 18:49:35 - Plimus Order # ==================>>>
transactionType: 
testMode: 
referenceNumber: 
originalReferenceNumber: 
paymentMethod: 
creditCardType: 
transactionDate: 
untilDate: 
productId: 
productName: 
contractId: 
contractName: 
contractOwner: 
contractPrice: 
quantity: 
currency: 
addCD: 
coupon: 
couponValue: 
referrer: 
promoteContractsNum: 
accountId: 
title: 
firstName: 
lastName: 
company: 
address1: 
address2: 
city: 
state: 
country: 
zipCode: 
email: 
workPhone: 
extension: 
mobilePhone: 
homePhone: 
faxNumber: 
licenseKey: 
shippingFirstName: 
shippingLastName: 
shippingAddress1: 
shippingAddress2: 
shippingCity: 
shippingState: 
shippingCountry: 
shippingZipCode: 
remoteAddress: 
shippingMethod: 
couponCode: 
invoiceAmount: 
invoiceInfoURL:  
<<<================= End Of Plimus Order # ==================>>> 
<<<================= 04/19/2012 18:49:52 - Plimus Order # ==================>>>
transactionType: 
testMode: 
referenceNumber: 
originalReferenceNumber: 
paymentMethod: 
creditCardType: 
transactionDate: 
untilDate: 
productId: 
productName: 
contractId: 
contractName: 
contractOwner: 
contractPrice: 
quantity: 
currency: 
addCD: 
coupon: 
couponValue: 
referrer: 
promoteContractsNum: 
accountId: 
title: 
firstName: 
lastName: 
company: 
address1: 
address2: 
city: 
state: 
country: 
zipCode: 
email: 
workPhone: 
extension: 
mobilePhone: 
homePhone: 
faxNumber: 
licenseKey: 
shippingFirstName: 
shippingLastName: 
shippingAddress1: 
shippingAddress2: 
shippingCity: 
shippingState: 
shippingCountry: 
shippingZipCode: 
remoteAddress: 
shippingMethod: 
couponCode: 
invoiceAmount: 
invoiceInfoURL:  
<<<================= End Of Plimus Order # ==================>>> 
<<<================= 04/19/2012 19:39:35 - Plimus Order # ==================>>>
transactionType: 
testMode: 
referenceNumber: 
originalReferenceNumber: 
paymentMethod: 
creditCardType: 
transactionDate: 
untilDate: 
productId: 
productName: 
contractId: 
contractName: 
contractOwner: 
contractPrice: 
quantity: 
currency: 
addCD: 
coupon: 
couponValue: 
referrer: 
promoteContractsNum: 
accountId: 
title: 
firstName: 
lastName: 
company: 
address1: 
address2: 
city: 
state: 
country: 
zipCode: 
email: 
workPhone: 
extension: 
mobilePhone: 
homePhone: 
faxNumber: 
licenseKey: 
shippingFirstName: 
shippingLastName: 
shippingAddress1: 
shippingAddress2: 
shippingCity: 
shippingState: 
shippingCountry: 
shippingZipCode: 
remoteAddress: 
shippingMethod: 
couponCode: 
invoiceAmount: 
invoiceInfoURL:  
<<<================= End Of Plimus Order # ==================>>> 
<<<================= 04/19/2012 19:41:03 - Plimus Order # ==================>>>
transactionType: 
testMode: 
referenceNumber: 
originalReferenceNumber: 
paymentMethod: 
creditCardType: 
transactionDate: 
untilDate: 
productId: 
productName: 
contractId: 
contractName: 
contractOwner: 
contractPrice: 
quantity: 
currency: 
addCD: 
coupon: 
couponValue: 
referrer: 
promoteContractsNum: 
accountId: 
title: 
firstName: 
lastName: 
company: 
address1: 
address2: 
city: 
state: 
country: 
zipCode: 
email: 
workPhone: 
extension: 
mobilePhone: 
homePhone: 
faxNumber: 
licenseKey: 
shippingFirstName: 
shippingLastName: 
shippingAddress1: 
shippingAddress2: 
shippingCity: 
shippingState: 
shippingCountry: 
shippingZipCode: 
remoteAddress: 
shippingMethod: 
couponCode: 
invoiceAmount: 
invoiceInfoURL:  
<<<================= End Of Plimus Order # ==================>>> 
<<<================= 04/19/2012 19:41:44 - Plimus Order # ==================>>>
transactionType: 
testMode: 
referenceNumber: 
originalReferenceNumber: 
paymentMethod: 
creditCardType: 
transactionDate: 
untilDate: 
productId: 
productName: 
contractId: 
contractName: 
contractOwner: 
contractPrice: 
quantity: 
currency: 
addCD: 
coupon: 
couponValue: 
referrer: 
promoteContractsNum: 
accountId: 
title: 
firstName: 
lastName: 
company: 
address1: 
address2: 
city: 
state: 
country: 
zipCode: 
email: 
workPhone: 
extension: 
mobilePhone: 
homePhone: 
faxNumber: 
licenseKey: 
shippingFirstName: 
shippingLastName: 
shippingAddress1: 
shippingAddress2: 
shippingCity: 
shippingState: 
shippingCountry: 
shippingZipCode: 
remoteAddress: 
shippingMethod: 
couponCode: 
invoiceAmount: 
invoiceInfoURL:  
<<<================= End Of Plimus Order # ==================>>> 
<<<================= 04/19/2012 19:41:54 - Plimus Order # ==================>>>
transactionType: 
testMode: 
referenceNumber: 
originalReferenceNumber: 
paymentMethod: 
creditCardType: 
transactionDate: 
untilDate: 
productId: 
productName: 
contractId: 
contractName: 
contractOwner: 
contractPrice: 
quantity: 
currency: 
addCD: 
coupon: 
couponValue: 
referrer: 
promoteContractsNum: 
accountId: 
title: 
firstName: 
lastName: 
company: 
address1: 
address2: 
city: 
state: 
country: 
zipCode: 
email: 
workPhone: 
extension: 
mobilePhone: 
homePhone: 
faxNumber: 
licenseKey: 
shippingFirstName: 
shippingLastName: 
shippingAddress1: 
shippingAddress2: 
shippingCity: 
shippingState: 
shippingCountry: 
shippingZipCode: 
remoteAddress: 
shippingMethod: 
couponCode: 
invoiceAmount: 
invoiceInfoURL:  
<<<================= End Of Plimus Order # ==================>>> 
<<<================= 04/19/2012 19:42:26 - Plimus Order # ==================>>>
transactionType: 
testMode: 
referenceNumber: 
originalReferenceNumber: 
paymentMethod: 
creditCardType: 
transactionDate: 
untilDate: 
productId: 
productName: 
contractId: 
contractName: 
contractOwner: 
contractPrice: 
quantity: 
currency: 
addCD: 
coupon: 
couponValue: 
referrer: 
promoteContractsNum: 
accountId: 
title: 
firstName: 
lastName: 
company: 
address1: 
address2: 
city: 
state: 
country: 
zipCode: 
email: 
workPhone: 
extension: 
mobilePhone: 
homePhone: 
faxNumber: 
licenseKey: 
shippingFirstName: 
shippingLastName: 
shippingAddress1: 
shippingAddress2: 
shippingCity: 
shippingState: 
shippingCountry: 
shippingZipCode: 
remoteAddress: 
shippingMethod: 
couponCode: 
invoiceAmount: 
invoiceInfoURL:  
<<<================= End Of Plimus Order # ==================>>> 
<<<================= 04/19/2012 19:44:24 - Plimus Order # ==================>>>
transactionType: 
testMode: 
referenceNumber: 
originalReferenceNumber: 
paymentMethod: 
creditCardType: 
transactionDate: 
untilDate: 
productId: 
productName: 
contractId: 
contractName: 
contractOwner: 
contractPrice: 
quantity: 
currency: 
addCD: 
coupon: 
couponValue: 
referrer: 
promoteContractsNum: 
accountId: 
title: 
firstName: 
lastName: 
company: 
address1: 
address2: 
city: 
state: 
country: 
zipCode: 
email: 
workPhone: 
extension: 
mobilePhone: 
homePhone: 
faxNumber: 
licenseKey: 
shippingFirstName: 
shippingLastName: 
shippingAddress1: 
shippingAddress2: 
shippingCity: 
shippingState: 
shippingCountry: 
shippingZipCode: 
remoteAddress: 
shippingMethod: 
couponCode: 
invoiceAmount: 
invoiceInfoURL:  
<<<================= End Of Plimus Order # ==================>>> 
<<<================= 04/19/2012 19:44:43 - Plimus Order # ==================>>>
transactionType: 
testMode: 
referenceNumber: 
originalReferenceNumber: 
paymentMethod: 
creditCardType: 
transactionDate: 
untilDate: 
productId: 
productName: 
contractId: 
contractName: 
contractOwner: 
contractPrice: 
quantity: 
currency: 
addCD: 
coupon: 
couponValue: 
referrer: 
promoteContractsNum: 
accountId: 
title: 
firstName: 
lastName: 
company: 
address1: 
address2: 
city: 
state: 
country: 
zipCode: 
email: 
workPhone: 
extension: 
mobilePhone: 
homePhone: 
faxNumber: 
licenseKey: 
shippingFirstName: 
shippingLastName: 
shippingAddress1: 
shippingAddress2: 
shippingCity: 
shippingState: 
shippingCountry: 
shippingZipCode: 
remoteAddress: 
shippingMethod: 
couponCode: 
invoiceAmount: 
invoiceInfoURL:  
<<<================= End Of Plimus Order # ==================>>> 
<<<================= 04/19/2012 19:47:38 - Plimus Order # ==================>>>
transactionType: 
testMode: 
referenceNumber: 
originalReferenceNumber: 
paymentMethod: 
creditCardType: 
transactionDate: 
untilDate: 
productId: 
productName: 
contractId: 
contractName: 
contractOwner: 
contractPrice: 
quantity: 
currency: 
addCD: 
coupon: 
couponValue: 
referrer: 
promoteContractsNum: 
accountId: 
title: 
firstName: 
lastName: 
company: 
address1: 
address2: 
city: 
state: 
country: 
zipCode: 
email: 
workPhone: 
extension: 
mobilePhone: 
homePhone: 
faxNumber: 
licenseKey: 
shippingFirstName: 
shippingLastName: 
shippingAddress1: 
shippingAddress2: 
shippingCity: 
shippingState: 
shippingCountry: 
shippingZipCode: 
remoteAddress: 
shippingMethod: 
couponCode: 
invoiceAmount: 
invoiceInfoURL:  
<<<================= End Of Plimus Order # ==================>>> 
<<<================= 04/19/2012 19:51:53 - Plimus Order #-99 ==================>>>
transactionType: CHARGE
testMode: Y
referenceNumber: -99
originalReferenceNumber: 
paymentMethod: CC
creditCardType: 
transactionDate: 04/19/2012 12:55 PM
untilDate: 04/19/2012 12:55 PM
productId: 866582
productName: Premium account activation
contractId: 2291993
contractName: Activation for 1 year
contractOwner: 555519
contractPrice: 10.00
quantity: 1
currency: USD
addCD: N
coupon: 
couponValue: 
referrer: 
promoteContractsNum: 0
accountId: 1
title: Mr
firstName: David
lastName: Fleming
company: 
address1: 491 West Coast Road
address2: 
city: Auckland
state: 
country: NZ
zipCode: 6020
email: nosuchemail@plimus.com
workPhone: 18583507473
extension: 
mobilePhone: 
homePhone: 
faxNumber: 18587775553
licenseKey: 

shippingFirstName: David
shippingLastName: Fleming
shippingAddress1: 491 West Coast Road
shippingAddress2: 
shippingCity: Auckland
shippingState: 
shippingCountry: NZ
shippingZipCode: 6020
remoteAddress: 212.98.190.86
shippingMethod: 
couponCode: 
invoiceAmount: 
invoiceInfoURL: https://shoppers.plimus.com/jsp/order_locator_info.jsp?refId=943172107141A13B&acd=99339F83BB5A4524 
<<<================= End Of Plimus Order #-99 ==================>>> 
<<<================= 04/19/2012 19:56:37 - Plimus Order #-99 ==================>>>
transactionType: CHARGE
testMode: Y
referenceNumber: -99
originalReferenceNumber: 
paymentMethod: CC
creditCardType: 
transactionDate: 04/19/2012 01:00 PM
untilDate: 04/19/2012 01:00 PM
productId: 866582
productName: Premium account activation
contractId: 2291993
contractName: Activation for 1 year
contractOwner: 555519
contractPrice: 10.00
quantity: 1
currency: USD
addCD: N
coupon: 
couponValue: 
referrer: 
promoteContractsNum: 0
accountId: 1
title: Mr
firstName: David
lastName: Fleming
company: 
address1: 491 West Coast Road
address2: 
city: Auckland
state: 
country: NZ
zipCode: 6020
email: nosuchemail@plimus.com
workPhone: 18583507473
extension: 
mobilePhone: 
homePhone: 
faxNumber: 18587775553
licenseKey: 

shippingFirstName: David
shippingLastName: Fleming
shippingAddress1: 491 West Coast Road
shippingAddress2: 
shippingCity: Auckland
shippingState: 
shippingCountry: NZ
shippingZipCode: 6020
remoteAddress: 212.98.190.86
shippingMethod: 
couponCode: 
invoiceAmount: 
invoiceInfoURL: https://shoppers.plimus.com/jsp/order_locator_info.jsp?refId=943172107141A13B&acd=99339F83BB5A4524 
<<<================= End Of Plimus Order #-99 ==================>>> 
<<<================= 04/19/2012 19:57:08 - Plimus Order # ==================>>>
transactionType: 
testMode: 
referenceNumber: 
originalReferenceNumber: 
paymentMethod: 
creditCardType: 
transactionDate: 
untilDate: 
productId: 
productName: 
contractId: 
contractName: 
contractOwner: 
contractPrice: 
quantity: 
currency: 
addCD: 
coupon: 
couponValue: 
referrer: 
promoteContractsNum: 
accountId: 
title: 
firstName: 
lastName: 
company: 
address1: 
address2: 
city: 
state: 
country: 
zipCode: 
email: 
workPhone: 
extension: 
mobilePhone: 
homePhone: 
faxNumber: 
licenseKey: 
shippingFirstName: 
shippingLastName: 
shippingAddress1: 
shippingAddress2: 
shippingCity: 
shippingState: 
shippingCountry: 
shippingZipCode: 
remoteAddress: 
shippingMethod: 
couponCode: 
invoiceAmount: 
invoiceInfoURL:  
<<<================= End Of Plimus Order # ==================>>> 
<<<================= 04/19/2012 19:57:29 - Plimus Order # ==================>>>
transactionType: 
testMode: 
referenceNumber: 
originalReferenceNumber: 
paymentMethod: 
creditCardType: 
transactionDate: 
untilDate: 
productId: 
productName: 
contractId: 
contractName: 
contractOwner: 
contractPrice: 
quantity: 
currency: 
addCD: 
coupon: 
couponValue: 
referrer: 
promoteContractsNum: 
accountId: 
title: 
firstName: 
lastName: 
company: 
address1: 
address2: 
city: 
state: 
country: 
zipCode: 
email: 
workPhone: 
extension: 
mobilePhone: 
homePhone: 
faxNumber: 
licenseKey: 
shippingFirstName: 
shippingLastName: 
shippingAddress1: 
shippingAddress2: 
shippingCity: 
shippingState: 
shippingCountry: 
shippingZipCode: 
remoteAddress: 
shippingMethod: 
couponCode: 
invoiceAmount: 
invoiceInfoURL:  
<<<================= End Of Plimus Order # ==================>>> 
<<<================= 04/19/2012 19:58:02 - Plimus Order # ==================>>>
transactionType: 
testMode: 
referenceNumber: 
originalReferenceNumber: 
paymentMethod: 
creditCardType: 
transactionDate: 
untilDate: 
productId: 
productName: 
contractId: 
contractName: 
contractOwner: 
contractPrice: 
quantity: 
currency: 
addCD: 
coupon: 
couponValue: 
referrer: 
promoteContractsNum: 
accountId: 
title: 
firstName: 
lastName: 
company: 
address1: 
address2: 
city: 
state: 
country: 
zipCode: 
email: 
workPhone: 
extension: 
mobilePhone: 
homePhone: 
faxNumber: 
licenseKey: 
shippingFirstName: 
shippingLastName: 
shippingAddress1: 
shippingAddress2: 
shippingCity: 
shippingState: 
shippingCountry: 
shippingZipCode: 
remoteAddress: 
shippingMethod: 
couponCode: 
invoiceAmount: 
invoiceInfoURL:  
<<<================= End Of Plimus Order # ==================>>> 
<<<================= 04/19/2012 19:58:30 - Plimus Order # ==================>>>
transactionType: 
testMode: 
referenceNumber: 
originalReferenceNumber: 
paymentMethod: 
creditCardType: 
transactionDate: 
untilDate: 
productId: 
productName: 
contractId: 
contractName: 
contractOwner: 
contractPrice: 
quantity: 
currency: 
addCD: 
coupon: 
couponValue: 
referrer: 
promoteContractsNum: 
accountId: 
title: 
firstName: 
lastName: 
company: 
address1: 
address2: 
city: 
state: 
country: 
zipCode: 
email: 
workPhone: 
extension: 
mobilePhone: 
homePhone: 
faxNumber: 
licenseKey: 
shippingFirstName: 
shippingLastName: 
shippingAddress1: 
shippingAddress2: 
shippingCity: 
shippingState: 
shippingCountry: 
shippingZipCode: 
remoteAddress: 
shippingMethod: 
couponCode: 
invoiceAmount: 
invoiceInfoURL:  
<<<================= End Of Plimus Order # ==================>>> 
<<<================= 04/19/2012 19:58:43 - Plimus Order # ==================>>>
transactionType: 
testMode: 
referenceNumber: 
originalReferenceNumber: 
paymentMethod: 
creditCardType: 
transactionDate: 
untilDate: 
productId: 
productName: 
contractId: 
contractName: 
contractOwner: 
contractPrice: 
quantity: 
currency: 
addCD: 
coupon: 
couponValue: 
referrer: 
promoteContractsNum: 
accountId: 
title: 
firstName: 
lastName: 
company: 
address1: 
address2: 
city: 
state: 
country: 
zipCode: 
email: 
workPhone: 
extension: 
mobilePhone: 
homePhone: 
faxNumber: 
licenseKey: 
shippingFirstName: 
shippingLastName: 
shippingAddress1: 
shippingAddress2: 
shippingCity: 
shippingState: 
shippingCountry: 
shippingZipCode: 
remoteAddress: 
shippingMethod: 
couponCode: 
invoiceAmount: 
invoiceInfoURL:  
<<<================= End Of Plimus Order # ==================>>> 
<<<================= 04/19/2012 20:00:48 - Plimus Order #-99 ==================>>>
transactionType: CHARGE
testMode: Y
referenceNumber: -99
originalReferenceNumber: 
paymentMethod: CC
creditCardType: 
transactionDate: 04/19/2012 01:05 PM
untilDate: 04/19/2012 01:05 PM
productId: 866582
productName: Premium account activation
contractId: 2291993
contractName: Activation for 1 year
contractOwner: 555519
contractPrice: 10.00
quantity: 1
currency: USD
addCD: N
coupon: 
couponValue: 
referrer: 
promoteContractsNum: 0
accountId: 1
title: Mr
firstName: David
lastName: Fleming
company: 
address1: 491 West Coast Road
address2: 
city: Auckland
state: 
country: NZ
zipCode: 6020
email: nosuchemail@plimus.com
workPhone: 18583507473
extension: 
mobilePhone: 
homePhone: 
faxNumber: 18587775553
licenseKey: 

shippingFirstName: David
shippingLastName: Fleming
shippingAddress1: 491 West Coast Road
shippingAddress2: 
shippingCity: Auckland
shippingState: 
shippingCountry: NZ
shippingZipCode: 6020
remoteAddress: 212.98.190.86
shippingMethod: 
couponCode: 
invoiceAmount: 
invoiceInfoURL: https://shoppers.plimus.com/jsp/order_locator_info.jsp?refId=943172107141A13B&acd=99339F83BB5A4524 
<<<================= End Of Plimus Order #-99 ==================>>> 
